[09-Jan-2025 04:25:22 UTC] PHP Fatal error:  Maximum execution time of 120 seconds exceeded in C:\xampp\htdocs\pondshop\wp-content\plugins\google-listings-and-ads\src\ConnectionTest.php on line 45
[09-Jan-2025 04:26:17 UTC] PHP Fatal error:  Maximum execution time of 120 seconds exceeded in C:\xampp\htdocs\pondshop\wp-includes\Requests\src\Transport\Curl.php on line 205
[09-Jan-2025 04:26:26 UTC] Automatic updates starting...
[09-Jan-2025 04:26:26 UTC]   Automatic plugin updates starting...
[09-Jan-2025 04:26:26 UTC]   Automatic plugin updates complete.
[09-Jan-2025 04:26:27 UTC]   Automatic theme updates starting...
[09-Jan-2025 04:26:27 UTC]   Automatic theme updates complete.
[09-Jan-2025 04:26:27 UTC] Automatic updates complete.
[13-Jan-2025 01:54:31 UTC] PHP Fatal error:  Maximum execution time of 120 seconds exceeded in C:\xampp\htdocs\pondshop\wp-content\plugins\woocommerce\src\Blocks\BlockTypes\CartOrderSummaryDiscountBlock.php on line 15
[13-Jan-2025 01:54:47 UTC] Automatic updates starting...
[13-Jan-2025 01:54:47 UTC]   Automatic plugin updates starting...
[13-Jan-2025 01:54:48 UTC]   Automatic plugin updates complete.
[13-Jan-2025 01:54:49 UTC]   Automatic theme updates starting...
[13-Jan-2025 01:54:49 UTC]   Automatic theme updates complete.
[13-Jan-2025 01:54:49 UTC] Automatic updates complete.
[13-Jan-2025 03:04:48 UTC] PHP Fatal error:  Maximum execution time of 120 seconds exceeded in C:\xampp\htdocs\pondshop\wp-content\plugins\woocommerce\includes\class-wc-order-refund.php on line 245
[13-Jan-2025 03:05:14 UTC] PHP Fatal error:  Maximum execution time of 120 seconds exceeded in C:\xampp\htdocs\pondshop\wp-content\plugins\woocommerce\src\Admin\Features\OnboardingTasks\Tasks\GetMobileApp.php on line 107
[13-Jan-2025 05:45:12 UTC] Automatic updates starting...
[13-Jan-2025 05:45:12 UTC]   Automatic plugin updates starting...
[13-Jan-2025 05:45:12 UTC]   Automatic plugin updates complete.
[13-Jan-2025 05:45:12 UTC]   Automatic theme updates starting...
[13-Jan-2025 05:45:12 UTC]   Automatic theme updates complete.
[13-Jan-2025 05:45:12 UTC] Automatic updates complete.
[13-Jan-2025 09:16:13 UTC] PHP Fatal error:  Maximum execution time of 120 seconds exceeded in C:\xampp\htdocs\pondshop\wp-content\plugins\google-listings-and-ads\vendor\guzzlehttp\guzzle\src\Client.php on line 17
[13-Jan-2025 09:16:15 UTC] PHP Fatal error:  Maximum execution time of 120 seconds exceeded in C:\xampp\htdocs\pondshop\wp-content\plugins\google-listings-and-ads\vendor\google\apiclient-services\src\ShoppingContent\Resource\Buyongoogleprograms.php on line 160
[13-Jan-2025 09:16:17 UTC] PHP Fatal error:  Maximum execution time of 120 seconds exceeded in C:\xampp\htdocs\pondshop\wp-content\plugins\google-listings-and-ads\vendor\symfony\validator\Mapping\Factory\LazyLoadingMetadataFactory.php on line 39
[13-Jan-2025 09:16:24 UTC] PHP Fatal error:  Maximum execution time of 120 seconds exceeded in C:\xampp\htdocs\pondshop\wp-content\plugins\woocommerce\src\Blocks\Templates\CheckoutTemplate.php on line 94
[13-Jan-2025 09:16:45 UTC] PHP Fatal error:  Maximum execution time of 120 seconds exceeded in C:\xampp\htdocs\pondshop\wp-admin\includes\options.php on line 139
[14-Jan-2025 01:58:39 UTC] Automatic updates starting...
[14-Jan-2025 01:58:40 UTC]   Automatic plugin updates starting...
[14-Jan-2025 01:58:40 UTC]   Automatic plugin updates complete.
[14-Jan-2025 01:58:41 UTC]   Automatic theme updates starting...
[14-Jan-2025 01:58:41 UTC]   Automatic theme updates complete.
[14-Jan-2025 01:58:41 UTC] Automatic updates complete.
[14-Jan-2025 07:52:44 UTC] Automatic updates starting...
[14-Jan-2025 07:52:46 UTC]   Automatic plugin updates starting...
[14-Jan-2025 07:52:46 UTC]   Automatic plugin updates complete.
[14-Jan-2025 07:52:50 UTC]   Automatic theme updates starting...
[14-Jan-2025 07:52:50 UTC]   Automatic theme updates complete.
[14-Jan-2025 07:52:50 UTC] Automatic updates complete.
[16-Jan-2025 03:29:52 UTC] Automatic updates starting...
[16-Jan-2025 03:29:53 UTC]   Automatic plugin updates starting...
[16-Jan-2025 03:29:53 UTC]   Automatic plugin updates complete.
[16-Jan-2025 03:29:54 UTC]   Automatic theme updates starting...
[16-Jan-2025 03:29:54 UTC]   Automatic theme updates complete.
[16-Jan-2025 03:29:54 UTC] Automatic updates complete.
[16-Jan-2025 05:51:43 UTC] PHP Fatal error:  Maximum execution time of 120 seconds exceeded in C:\xampp\htdocs\pondshop\wp-content\plugins\contact-form-7\modules\stripe\api.php on line 155
[16-Jan-2025 05:52:55 UTC] Automatic updates starting...
[16-Jan-2025 05:52:56 UTC]   Automatic plugin updates starting...
[16-Jan-2025 05:52:56 UTC]   Automatic plugin updates complete.
[16-Jan-2025 05:52:57 UTC]   Automatic theme updates starting...
[16-Jan-2025 05:52:57 UTC]   Automatic theme updates complete.
[16-Jan-2025 05:52:57 UTC] Automatic updates complete.
[17-Jan-2025 02:11:11 UTC] Automatic updates starting...
[17-Jan-2025 02:11:11 UTC]   Automatic plugin updates starting...
[17-Jan-2025 02:11:11 UTC]   Automatic plugin updates complete.
[17-Jan-2025 02:11:12 UTC]   Automatic theme updates starting...
[17-Jan-2025 02:11:12 UTC]   Automatic theme updates complete.
[17-Jan-2025 02:11:12 UTC] Automatic updates complete.
[17-Jan-2025 04:52:39 UTC] PHP Fatal error:  Maximum execution time of 120 seconds exceeded in C:\xampp\htdocs\pondshop\wp-includes\Requests\src\Transport\Curl.php on line 25
[17-Jan-2025 06:30:43 UTC] PHP Fatal error:  Maximum execution time of 120 seconds exceeded in C:\xampp\htdocs\pondshop\wp-content\plugins\woocommerce\src\Blocks\Payments\PaymentMethodTypeInterface.php on line 6
[17-Jan-2025 06:31:11 UTC] Automatic updates starting...
[17-Jan-2025 06:31:12 UTC]   Automatic plugin updates starting...
[17-Jan-2025 06:31:12 UTC]   Automatic plugin updates complete.
[17-Jan-2025 06:31:13 UTC] Automatic updates complete.
[21-Jan-2025 10:08:59 UTC] Automatic updates starting...
[21-Jan-2025 10:09:00 UTC]   Automatic plugin updates starting...
[21-Jan-2025 10:09:00 UTC]   Automatic plugin updates complete.
[21-Jan-2025 10:09:02 UTC] Automatic updates complete.
[23-Jan-2025 02:08:57 UTC] PHP Fatal error:  Maximum execution time of 120 seconds exceeded in C:\xampp\htdocs\pondshop\wp-content\plugins\woocommerce\src\Admin\PluginsInstaller.php on line 10
[23-Jan-2025 02:19:09 UTC] PHP Fatal error:  Maximum execution time of 120 seconds exceeded in C:\xampp\htdocs\pondshop\wp-content\plugins\google-listings-and-ads\src\Ads\AssetSuggestionsService.php on line 28
[23-Jan-2025 02:20:57 UTC] Automatic updates starting...
[23-Jan-2025 02:20:58 UTC]   Automatic plugin updates starting...
[23-Jan-2025 02:20:58 UTC]   Automatic plugin updates complete.
[23-Jan-2025 02:20:58 UTC] Automatic updates complete.
[27-Jan-2025 02:05:13 UTC] PHP Fatal error:  Maximum execution time of 120 seconds exceeded in C:\xampp\htdocs\pondshop\wp-content\plugins\woocommerce\src\Admin\Features\OnboardingTasks\Tasks\CustomizeStore.php on line 299
[27-Jan-2025 02:05:44 UTC] Automatic updates starting...
[27-Jan-2025 02:05:45 UTC]   Automatic plugin updates starting...
[27-Jan-2025 02:05:45 UTC]   Automatic plugin updates complete.
[27-Jan-2025 02:05:46 UTC] Automatic updates complete.
[27-Jan-2025 02:19:05 UTC] PHP Fatal error:  Maximum execution time of 120 seconds exceeded in C:\xampp\htdocs\pondshop\wp-content\plugins\google-listings-and-ads\src\Ads\AdsAwareInterface.php on line 6
[27-Jan-2025 02:19:21 UTC] PHP Fatal error:  Maximum execution time of 120 seconds exceeded in C:\xampp\htdocs\pondshop\wp-admin\includes\class-wp-list-table.php on line 1878
[27-Jan-2025 02:19:25 UTC] PHP Fatal error:  Maximum execution time of 120 seconds exceeded in C:\xampp\htdocs\pondshop\wp-content\plugins\woocommerce\includes\wc-template-functions.php on line 77
[27-Jan-2025 05:44:59 UTC] Automatic updates starting...
[27-Jan-2025 05:45:00 UTC]   Automatic plugin updates starting...
[27-Jan-2025 05:45:00 UTC]   Automatic plugin updates complete.
[27-Jan-2025 05:45:01 UTC] Automatic updates complete.
[28-Jan-2025 02:07:35 UTC] PHP Fatal error:  Maximum execution time of 120 seconds exceeded in C:\xampp\htdocs\pondshop\wp-admin\includes\theme.php on line 1257
[28-Jan-2025 02:07:37 UTC] Automatic updates starting...
[28-Jan-2025 02:07:38 UTC]   Automatic plugin updates starting...
[28-Jan-2025 02:07:38 UTC]   Automatic plugin updates complete.
[28-Jan-2025 02:07:39 UTC] Automatic updates complete.
[28-Jan-2025 02:11:29 UTC] PHP Fatal error:  Maximum execution time of 120 seconds exceeded in C:\xampp\htdocs\pondshop\wp-content\plugins\woocommerce\src\Admin\Notes\Notes.php on line 10
[28-Jan-2025 02:11:57 UTC] PHP Fatal error:  Maximum execution time of 120 seconds exceeded in C:\xampp\htdocs\pondshop\wp-content\plugins\google-listings-and-ads\src\Assets\AssetsHandler.php on line 13
[28-Jan-2025 02:36:52 UTC] PHP Fatal error:  Maximum execution time of 120 seconds exceeded in C:\xampp\htdocs\pondshop\wp-content\plugins\google-listings-and-ads\src\Options\OptionsInterface.php on line 161
[28-Jan-2025 05:49:01 UTC] PHP Fatal error:  Maximum execution time of 120 seconds exceeded in C:\xampp\htdocs\pondshop\wp-content\plugins\contact-form-7\modules\stripe\service.php on line 3
[28-Jan-2025 05:49:08 UTC] PHP Fatal error:  Maximum execution time of 120 seconds exceeded in C:\xampp\htdocs\pondshop\wp-content\plugins\woocommerce\src\Internal\Admin\Loader.php on line 602
[28-Jan-2025 05:49:13 UTC] PHP Fatal error:  Maximum execution time of 120 seconds exceeded in C:\xampp\htdocs\pondshop\wp-content\plugins\woocommerce\includes\class-wc-order-refund.php on line 247
[28-Jan-2025 06:13:58 UTC] Automatic updates starting...
[28-Jan-2025 06:13:59 UTC]   Automatic plugin updates starting...
[28-Jan-2025 06:13:59 UTC]   Automatic plugin updates complete.
[28-Jan-2025 06:14:00 UTC] Automatic updates complete.
[30-Jan-2025 02:06:32 UTC] PHP Fatal error:  Maximum execution time of 120 seconds exceeded in C:\xampp\htdocs\pondshop\wp-content\plugins\google-listings-and-ads\src\Utility\DateTimeUtility.php on line 8
[30-Jan-2025 02:13:36 UTC] Automatic updates starting...
[30-Jan-2025 02:13:37 UTC]   Automatic plugin updates starting...
[30-Jan-2025 02:13:37 UTC]   Automatic plugin updates complete.
[30-Jan-2025 02:13:38 UTC]   Automatic theme updates starting...
[30-Jan-2025 02:13:38 UTC]   Automatic theme updates complete.
[30-Jan-2025 02:13:38 UTC] Automatic updates complete.
[30-Jan-2025 05:44:46 UTC] Automatic updates starting...
[30-Jan-2025 05:44:47 UTC]   Automatic plugin updates starting...
[30-Jan-2025 05:44:47 UTC]   Automatic plugin updates complete.
[30-Jan-2025 05:44:48 UTC]   Automatic theme updates starting...
[30-Jan-2025 05:44:48 UTC]   Automatic theme updates complete.
[30-Jan-2025 05:44:48 UTC] Automatic updates complete.
[31-Jan-2025 01:57:42 UTC] PHP Fatal error:  Maximum execution time of 120 seconds exceeded in C:\xampp\htdocs\pondshop\wp-content\plugins\google-listings-and-ads\vendor\google\apiclient-services\src\ShoppingContent\Resource\Accountstatuses.php on line 100
[31-Jan-2025 01:57:45 UTC] PHP Fatal error:  Maximum execution time of 120 seconds exceeded in C:\xampp\htdocs\pondshop\wp-content\plugins\google-listings-and-ads\vendor\symfony\validator\Validation.php on line 97
[31-Jan-2025 01:59:36 UTC] PHP Warning:  mysqli_real_connect(): (HY000/2002): No connection could be made because the target machine actively refused it in C:\xampp\htdocs\pondshop\wp-includes\class-wpdb.php on line 1982
[31-Jan-2025 01:59:37 UTC] PHP Warning:  mysqli_real_connect(): (HY000/2002): No connection could be made because the target machine actively refused it in C:\xampp\htdocs\pondshop\wp-includes\class-wpdb.php on line 1982
[31-Jan-2025 01:59:37 UTC] PHP Notice:  Function wpdb was called <strong>incorrectly</strong>. wpdb must set a database connection for use with escaping. Please see <a href="https://developer.wordpress.org/advanced-administration/debug/debug-wordpress/">Debugging in WordPress</a> for more information. (This message was added in version 3.6.0.) in C:\xampp\htdocs\pondshop\wp-includes\functions.php on line 6114
[31-Jan-2025 01:59:38 UTC] PHP Notice:  Function wpdb was called <strong>incorrectly</strong>. wpdb must set a database connection for use with escaping. Please see <a href="https://developer.wordpress.org/advanced-administration/debug/debug-wordpress/">Debugging in WordPress</a> for more information. (This message was added in version 3.6.0.) in C:\xampp\htdocs\pondshop\wp-includes\functions.php on line 6114
[31-Jan-2025 01:59:38 UTC] PHP Notice:  Function wpdb was called <strong>incorrectly</strong>. wpdb must set a database connection for use with escaping. Please see <a href="https://developer.wordpress.org/advanced-administration/debug/debug-wordpress/">Debugging in WordPress</a> for more information. (This message was added in version 3.6.0.) in C:\xampp\htdocs\pondshop\wp-includes\functions.php on line 6114
[31-Jan-2025 02:00:02 UTC] PHP Warning:  mysqli_real_connect(): (HY000/2002): No connection could be made because the target machine actively refused it in C:\xampp\htdocs\pondshop\wp-includes\class-wpdb.php on line 1982
[31-Jan-2025 02:00:02 UTC] PHP Warning:  mysqli_real_connect(): (HY000/2002): No connection could be made because the target machine actively refused it in C:\xampp\htdocs\pondshop\wp-includes\class-wpdb.php on line 1982
[31-Jan-2025 02:00:03 UTC] PHP Notice:  Function wpdb was called <strong>incorrectly</strong>. wpdb must set a database connection for use with escaping. Please see <a href="https://developer.wordpress.org/advanced-administration/debug/debug-wordpress/">Debugging in WordPress</a> for more information. (This message was added in version 3.6.0.) in C:\xampp\htdocs\pondshop\wp-includes\functions.php on line 6114
[31-Jan-2025 02:00:03 UTC] PHP Notice:  Function wpdb was called <strong>incorrectly</strong>. wpdb must set a database connection for use with escaping. Please see <a href="https://developer.wordpress.org/advanced-administration/debug/debug-wordpress/">Debugging in WordPress</a> for more information. (This message was added in version 3.6.0.) in C:\xampp\htdocs\pondshop\wp-includes\functions.php on line 6114
[31-Jan-2025 02:00:27 UTC] PHP Warning:  mysqli_real_connect(): (HY000/2002): No connection could be made because the target machine actively refused it in C:\xampp\htdocs\pondshop\wp-includes\class-wpdb.php on line 1982
[31-Jan-2025 02:00:27 UTC] PHP Warning:  mysqli_real_connect(): (HY000/2002): No connection could be made because the target machine actively refused it in C:\xampp\htdocs\pondshop\wp-includes\class-wpdb.php on line 1982
[31-Jan-2025 02:00:28 UTC] PHP Notice:  Function wpdb was called <strong>incorrectly</strong>. wpdb must set a database connection for use with escaping. Please see <a href="https://developer.wordpress.org/advanced-administration/debug/debug-wordpress/">Debugging in WordPress</a> for more information. (This message was added in version 3.6.0.) in C:\xampp\htdocs\pondshop\wp-includes\functions.php on line 6114
[31-Jan-2025 02:00:38 UTC] PHP Fatal error:  Maximum execution time of 120 seconds exceeded in C:\xampp\htdocs\pondshop\wp-includes\class-wpdb.php on line 1982
[31-Jan-2025 02:00:38 UTC] PHP Fatal error:  Uncaught Error: mysqli object is not fully initialized in C:\xampp\htdocs\pondshop\wp-includes\class-wpdb.php:1278
Stack trace:
#0 C:\xampp\htdocs\pondshop\wp-includes\class-wpdb.php(1278): mysqli_real_escape_string(Object(mysqli), 't_1bfa773fc524c...')
#1 C:\xampp\htdocs\pondshop\wp-includes\class-wpdb.php(1747): wpdb->_real_escape('t_1bfa773fc524c...')
#2 C:\xampp\htdocs\pondshop\wp-content\plugins\woocommerce\includes\class-wc-session-handler.php(380): wpdb->prepare('INSERT INTO wp_...', 't_1bfa773fc524c...', 'a:7:{s:4:"cart"...', 1738461527)
#3 C:\xampp\htdocs\pondshop\wp-includes\class-wp-hook.php(324): WC_Session_Handler->save_data('')
#4 C:\xampp\htdocs\pondshop\wp-includes\class-wp-hook.php(348): WP_Hook->apply_filters(NULL, Array)
#5 C:\xampp\htdocs\pondshop\wp-includes\plugin.php(517): WP_Hook->do_action(Array)
#6 C:\xampp\htdocs\pondshop\wp-includes\load.php(1279): do_action('shutdown')
#7 [internal function]: shutdown_action_hook()
#8 {main}
  thrown in C:\xampp\htdocs\pondshop\wp-includes\class-wpdb.php on line 1278
[31-Jan-2025 02:00:53 UTC] PHP Warning:  mysqli_real_connect(): (HY000/2002): No connection could be made because the target machine actively refused it in C:\xampp\htdocs\pondshop\wp-includes\class-wpdb.php on line 1982
[31-Jan-2025 02:00:54 UTC] PHP Notice:  Function wpdb was called <strong>incorrectly</strong>. wpdb must set a database connection for use with escaping. Please see <a href="https://developer.wordpress.org/advanced-administration/debug/debug-wordpress/">Debugging in WordPress</a> for more information. (This message was added in version 3.6.0.) in C:\xampp\htdocs\pondshop\wp-includes\functions.php on line 6114
[31-Jan-2025 02:01:08 UTC] PHP Fatal error:  Maximum execution time of 120 seconds exceeded in C:\xampp\htdocs\pondshop\wp-includes\class-wpdb.php on line 1982
[31-Jan-2025 02:01:08 UTC] PHP Fatal error:  Uncaught Error: mysqli object is not fully initialized in C:\xampp\htdocs\pondshop\wp-includes\class-wpdb.php:1278
Stack trace:
#0 C:\xampp\htdocs\pondshop\wp-includes\class-wpdb.php(1278): mysqli_real_escape_string(Object(mysqli), 'woocommerce_car...')
#1 C:\xampp\htdocs\pondshop\wp-includes\class-wpdb.php(1747): wpdb->_real_escape('woocommerce_car...')
#2 C:\xampp\htdocs\pondshop\wp-includes\option.php(197): wpdb->prepare('SELECT option_v...', 'woocommerce_car...')
#3 C:\xampp\htdocs\pondshop\wp-content\plugins\woocommerce\includes\wc-page-functions.php(84): get_option('woocommerce_car...')
#4 C:\xampp\htdocs\pondshop\wp-content\plugins\woocommerce\includes\wc-template-functions.php(3967): wc_get_page_id('cart')
#5 C:\xampp\htdocs\pondshop\wp-includes\class-wp-hook.php(324): wc_page_no_robots(Array)
#6 C:\xampp\htdocs\pondshop\wp-includes\plugin.php(205): WP_Hook->apply_filters(Array, Array)
#7 C:\xampp\htdocs\pondshop\wp-includes\robots-template.php(32): apply_filters('wp_robots', Array)
#8 C:\xampp\htdocs\pondshop\wp-includes\functions.php(3905): wp_robots()
#9 C:\xampp\htdocs\pondshop\wp-includes\functions.php(3824): _default_wp_die_handler('<div class="wp-...', 'WordPress &rsaq...', Array)
#10 C:\xampp\htdocs\pondshop\wp-includes\class-wp-fatal-error-handler.php(245): wp_die(Object(WP_Error), '', Array)
#11 C:\xampp\htdocs\pondshop\wp-includes\class-wp-fatal-error-handler.php(156): WP_Fatal_Error_Handler->display_default_error_template(Array, Object(WP_Error))
#12 C:\xampp\htdocs\pondshop\wp-includes\class-wp-fatal-error-handler.php(60): WP_Fatal_Error_Handler->display_error_template(Array, Object(WP_Error))
#13 [internal function]: WP_Fatal_Error_Handler->handle()
#14 {main}
  thrown in C:\xampp\htdocs\pondshop\wp-includes\class-wpdb.php on line 1278
[31-Jan-2025 02:01:21 UTC] PHP Warning:  mysqli_real_connect(): (HY000/2002): No connection could be made because the target machine actively refused it in C:\xampp\htdocs\pondshop\wp-includes\class-wpdb.php on line 1982
[31-Jan-2025 02:01:41 UTC] Automatic updates starting...
[31-Jan-2025 02:01:42 UTC]   Automatic plugin updates starting...
[31-Jan-2025 02:01:42 UTC]   Automatic plugin updates complete.
[31-Jan-2025 02:01:43 UTC]   Automatic theme updates starting...
[31-Jan-2025 02:01:43 UTC]   Automatic theme updates complete.
[31-Jan-2025 02:01:43 UTC] Automatic updates complete.
[31-Jan-2025 02:11:29 UTC] PHP Fatal error:  Maximum execution time of 120 seconds exceeded in C:\xampp\htdocs\pondshop\wp-content\plugins\contact-form-7\modules\response.php on line 8
[31-Jan-2025 02:15:45 UTC] PHP Fatal error:  Out of memory (allocated 94371840) (tried to allocate 131072 bytes) in C:\xampp\htdocs\pondshop\wp-content\plugins\woocommerce\includes\rest-api\Controllers\Version2\class-wc-rest-orders-v2-controller.php on line 1815
[31-Jan-2025 07:14:13 UTC] Automatic updates starting...
[31-Jan-2025 07:14:14 UTC]   Automatic plugin updates starting...
[31-Jan-2025 07:14:14 UTC]   Automatic plugin updates complete.
[31-Jan-2025 07:14:15 UTC]   Automatic theme updates starting...
[31-Jan-2025 07:14:15 UTC]   Automatic theme updates complete.
[31-Jan-2025 07:14:15 UTC] Automatic updates complete.
[03-Feb-2025 02:55:43 UTC] PHP Fatal error:  Maximum execution time of 120 seconds exceeded in C:\xampp\htdocs\pondshop\wp-content\plugins\woocommerce\src\Internal\Admin\SystemStatusReport.php on line 9
[03-Feb-2025 02:57:14 UTC] Automatic updates starting...
[03-Feb-2025 02:57:15 UTC]   Automatic plugin updates starting...
[03-Feb-2025 02:57:15 UTC]   Automatic plugin updates complete.
[03-Feb-2025 02:57:16 UTC]   Automatic theme updates starting...
[03-Feb-2025 02:57:16 UTC]   Automatic theme updates complete.
[03-Feb-2025 02:57:16 UTC] Automatic updates complete.
[03-Feb-2025 06:48:22 UTC] PHP Fatal error:  Maximum execution time of 120 seconds exceeded in C:\xampp\htdocs\pondshop\wp-includes\functions.php on line 6893
[03-Feb-2025 06:48:32 UTC] PHP Fatal error:  Maximum execution time of 120 seconds exceeded in C:\xampp\htdocs\pondshop\wp-content\plugins\woocommerce\src\Blocks\BlockTypes\RelatedProducts.php on line 179
[03-Feb-2025 06:48:32 UTC] PHP Fatal error:  Maximum execution time of 120 seconds exceeded in C:\xampp\htdocs\pondshop\wp-includes\functions.php on line 4666
[03-Feb-2025 06:48:33 UTC] PHP Fatal error:  Maximum execution time of 120 seconds exceeded in C:\xampp\htdocs\pondshop\wp-content\plugins\woocommerce\src\Blocks\BlockTypes\FilledCartBlock.php on line 15
[03-Feb-2025 06:48:46 UTC] Automatic updates starting...
[03-Feb-2025 06:48:47 UTC]   Automatic plugin updates starting...
[03-Feb-2025 06:48:47 UTC]   Automatic plugin updates complete.
[03-Feb-2025 06:48:48 UTC]   Automatic theme updates starting...
[03-Feb-2025 06:48:48 UTC]   Automatic theme updates complete.
[03-Feb-2025 06:48:48 UTC] Automatic updates complete.
[03-Feb-2025 09:24:01 UTC] PHP Fatal error:  Maximum execution time of 120 seconds exceeded in C:\xampp\htdocs\pondshop\wp-content\plugins\woocommerce\src\Admin\DeprecatedClassFacade.php on line 20
[03-Feb-2025 09:25:13 UTC] PHP Fatal error:  Maximum execution time of 120 seconds exceeded in C:\xampp\htdocs\pondshop\wp-content\plugins\woocommerce\includes\gateways\cheque\class-wc-gateway-cheque.php on line 10
[04-Feb-2025 02:05:39 UTC] Automatic updates starting...
[04-Feb-2025 02:05:40 UTC]   Automatic plugin updates starting...
[04-Feb-2025 02:05:40 UTC]   Automatic plugin updates complete.
[04-Feb-2025 02:05:41 UTC]   Automatic theme updates starting...
[04-Feb-2025 02:05:41 UTC]   Automatic theme updates complete.
[04-Feb-2025 02:05:41 UTC] Automatic updates complete.
[04-Feb-2025 02:20:41 UTC] PHP Fatal error:  Maximum execution time of 120 seconds exceeded in C:\xampp\htdocs\pondshop\wp-content\plugins\woocommerce\src\StoreApi\Utilities\LocalPickupUtils.php on line 91
[04-Feb-2025 07:20:17 UTC] PHP Fatal error:  Maximum execution time of 120 seconds exceeded in C:\xampp\htdocs\pondshop\wp-content\plugins\woocommerce\src\Internal\Admin\ProductReviews\ReviewsCommentsOverrides.php on line 158
[04-Feb-2025 07:20:47 UTC] PHP Fatal error:  Maximum execution time of 120 seconds exceeded in C:\xampp\htdocs\pondshop\wp-content\plugins\google-listings-and-ads\vendor\google\apiclient-services\src\ShoppingContent\Resource\Merchantsupport.php on line 120
[04-Feb-2025 07:21:17 UTC] PHP Fatal error:  Maximum execution time of 120 seconds exceeded in C:\xampp\htdocs\pondshop\wp-includes\functions.php on line 4666
[04-Feb-2025 07:21:41 UTC] Automatic updates starting...
[04-Feb-2025 07:21:42 UTC]   Automatic plugin updates starting...
[04-Feb-2025 07:21:42 UTC]   Automatic plugin updates complete.
[04-Feb-2025 07:21:43 UTC]   Automatic theme updates starting...
[04-Feb-2025 07:21:43 UTC]   Automatic theme updates complete.
[04-Feb-2025 07:21:43 UTC] Automatic updates complete.
[05-Feb-2025 02:06:05 UTC] PHP Fatal error:  Maximum execution time of 120 seconds exceeded in C:\xampp\htdocs\pondshop\wp-content\plugins\google-listings-and-ads\src\Jobs\Update\PluginUpdate.php on line 12
[05-Feb-2025 02:10:07 UTC] Automatic updates starting...
[05-Feb-2025 02:10:07 UTC]   Automatic plugin updates starting...
[05-Feb-2025 02:10:08 UTC]   Automatic plugin updates complete.
[05-Feb-2025 02:10:08 UTC]   Automatic theme updates starting...
[05-Feb-2025 02:10:08 UTC]   Automatic theme updates complete.
[05-Feb-2025 02:10:08 UTC] Automatic updates complete.
[05-Feb-2025 06:25:30 UTC] PHP Fatal error:  Maximum execution time of 120 seconds exceeded in C:\xampp\htdocs\pondshop\wp-content\plugins\woocommerce\src\Blocks\Migration.php on line 109
[05-Feb-2025 06:41:09 UTC] Automatic updates starting...
[05-Feb-2025 06:41:10 UTC]   Automatic plugin updates starting...
[05-Feb-2025 06:41:10 UTC]   Automatic plugin updates complete.
[05-Feb-2025 06:41:11 UTC]   Automatic theme updates starting...
[05-Feb-2025 06:41:11 UTC]   Automatic theme updates complete.
[05-Feb-2025 06:41:11 UTC] Automatic updates complete.
[06-Feb-2025 04:01:11 UTC] PHP Fatal error:  Maximum execution time of 120 seconds exceeded in C:\xampp\htdocs\pondshop\wp-includes\class-wpdb.php on line 1982
[06-Feb-2025 04:01:11 UTC] PHP Fatal error:  Uncaught Error: mysqli object is not fully initialized in C:\xampp\htdocs\pondshop\wp-includes\class-wpdb.php:1278
Stack trace:
#0 C:\xampp\htdocs\pondshop\wp-includes\class-wpdb.php(1278): mysqli_real_escape_string(Object(mysqli), 'woocommerce_car...')
#1 C:\xampp\htdocs\pondshop\wp-includes\class-wpdb.php(1747): wpdb->_real_escape('woocommerce_car...')
#2 C:\xampp\htdocs\pondshop\wp-includes\option.php(197): wpdb->prepare('SELECT option_v...', 'woocommerce_car...')
#3 C:\xampp\htdocs\pondshop\wp-content\plugins\woocommerce\includes\wc-page-functions.php(84): get_option('woocommerce_car...')
#4 C:\xampp\htdocs\pondshop\wp-content\plugins\woocommerce\includes\wc-conditional-functions.php(96): wc_get_page_id('cart')
#5 C:\xampp\htdocs\pondshop\wp-content\plugins\woocommerce\includes\class-wc-cache-helper.php(72): is_cart()
#6 C:\xampp\htdocs\pondshop\wp-includes\class-wp-hook.php(324): WC_Cache_Helper::additional_nocache_headers(Array)
#7 C:\xampp\htdocs\pondshop\wp-includes\plugin.php(205): WP_Hook->apply_filters(Array, Array)
#8 C:\xampp\htdocs\pondshop\wp-includes\functions.php(1514): apply_filters('nocache_headers', Array)
#9 C:\xampp\htdocs\pondshop\wp-includes\functions.php(1536): wp_get_nocache_headers()
#10 C:\xampp\htdocs\pondshop\wp-includes\functions.php(3878): nocache_headers()
#11 C:\xampp\htdocs\pondshop\wp-includes\functions.php(3824): _default_wp_die_handler('<div class="wp-...', 'WordPress &rsaq...', Array)
#12 C:\xampp\htdocs\pondshop\wp-includes\class-wp-fatal-error-handler.php(245): wp_die(Object(WP_Error), '', Array)
#13 C:\xampp\htdocs\pondshop\wp-includes\class-wp-fatal-error-handler.php(156): WP_Fatal_Error_Handler->display_default_error_template(Array, Object(WP_Error))
#14 C:\xampp\htdocs\pondshop\wp-includes\class-wp-fatal-error-handler.php(60): WP_Fatal_Error_Handler->display_error_template(Array, Object(WP_Error))
#15 [internal function]: WP_Fatal_Error_Handler->handle()
#16 {main}
  thrown in C:\xampp\htdocs\pondshop\wp-includes\class-wpdb.php on line 1278
[06-Feb-2025 04:03:05 UTC] PHP Warning:  mysqli_real_connect(): (HY000/2002): No connection could be made because the target machine actively refused it in C:\xampp\htdocs\pondshop\wp-includes\class-wpdb.php on line 1982
[06-Feb-2025 04:03:48 UTC] PHP Warning:  mysqli_real_connect(): (HY000/2002): No connection could be made because the target machine actively refused it in C:\xampp\htdocs\pondshop\wp-includes\class-wpdb.php on line 1982
[06-Feb-2025 04:03:49 UTC] PHP Notice:  Function wpdb was called <strong>incorrectly</strong>. wpdb must set a database connection for use with escaping. Please see <a href="https://developer.wordpress.org/advanced-administration/debug/debug-wordpress/">Debugging in WordPress</a> for more information. (This message was added in version 3.6.0.) in C:\xampp\htdocs\pondshop\wp-includes\functions.php on line 6114
[06-Feb-2025 04:03:58 UTC] PHP Warning:  mysqli_real_connect(): (HY000/2002): No connection could be made because the target machine actively refused it in C:\xampp\htdocs\pondshop\wp-includes\class-wpdb.php on line 1982
[06-Feb-2025 04:04:14 UTC] PHP Warning:  mysqli_real_connect(): (HY000/2002): No connection could be made because the target machine actively refused it in C:\xampp\htdocs\pondshop\wp-includes\class-wpdb.php on line 1982
[06-Feb-2025 04:04:15 UTC] PHP Notice:  Function wpdb was called <strong>incorrectly</strong>. wpdb must set a database connection for use with escaping. Please see <a href="https://developer.wordpress.org/advanced-administration/debug/debug-wordpress/">Debugging in WordPress</a> for more information. (This message was added in version 3.6.0.) in C:\xampp\htdocs\pondshop\wp-includes\functions.php on line 6114
[06-Feb-2025 04:04:39 UTC] PHP Warning:  mysqli_real_connect(): (HY000/2002): No connection could be made because the target machine actively refused it in C:\xampp\htdocs\pondshop\wp-includes\class-wpdb.php on line 1982
[06-Feb-2025 04:04:40 UTC] PHP Warning:  mysqli_real_connect(): (HY000/2002): No connection could be made because the target machine actively refused it in C:\xampp\htdocs\pondshop\wp-includes\class-wpdb.php on line 1982
[06-Feb-2025 04:04:40 UTC] PHP Notice:  Function wpdb was called <strong>incorrectly</strong>. wpdb must set a database connection for use with escaping. Please see <a href="https://developer.wordpress.org/advanced-administration/debug/debug-wordpress/">Debugging in WordPress</a> for more information. (This message was added in version 3.6.0.) in C:\xampp\htdocs\pondshop\wp-includes\functions.php on line 6114
[06-Feb-2025 04:05:18 UTC] WordPress database error MySQL server has gone away for query SHOW FULL COLUMNS FROM `wp_options` made by require('wp-blog-header.php'), require_once('wp-load.php'), require_once('wp-config.php'), require_once('wp-settings.php'), do_action('init'), WP_Hook->do_action, WP_Hook->apply_filters, _register_theme_block_patterns, WP_Theme->get_block_patterns, WP_Theme->get_pattern_cache, get_site_transient, delete_site_option, delete_network_option, delete_option
[06-Feb-2025 04:05:18 UTC] WordPress database error MySQL server has gone away for query SHOW FULL COLUMNS FROM `wp_options` made by require('wp-blog-header.php'), require_once('wp-load.php'), require_once('wp-config.php'), require_once('wp-settings.php'), do_action('init'), WP_Hook->do_action, WP_Hook->apply_filters, _register_theme_block_patterns, WP_Theme->get_block_patterns, WP_Theme->get_pattern_cache, get_site_transient, delete_site_option, delete_network_option, delete_option
[06-Feb-2025 04:05:41 UTC] PHP Warning:  mysqli_real_connect(): (HY000/2002): No connection could be made because the target machine actively refused it in C:\xampp\htdocs\pondshop\wp-includes\class-wpdb.php on line 1982
[06-Feb-2025 04:05:43 UTC] PHP Warning:  mysqli_real_connect(): (HY000/2002): No connection could be made because the target machine actively refused it in C:\xampp\htdocs\pondshop\wp-includes\class-wpdb.php on line 1982
[06-Feb-2025 04:05:43 UTC] PHP Warning:  mysqli_real_connect(): (HY000/2002): No connection could be made because the target machine actively refused it in C:\xampp\htdocs\pondshop\wp-includes\class-wpdb.php on line 1982
[06-Feb-2025 04:05:44 UTC] PHP Notice:  Function wpdb was called <strong>incorrectly</strong>. wpdb must set a database connection for use with escaping. Please see <a href="https://developer.wordpress.org/advanced-administration/debug/debug-wordpress/">Debugging in WordPress</a> for more information. (This message was added in version 3.6.0.) in C:\xampp\htdocs\pondshop\wp-includes\functions.php on line 6114
[06-Feb-2025 04:05:44 UTC] PHP Notice:  Function wpdb was called <strong>incorrectly</strong>. wpdb must set a database connection for use with escaping. Please see <a href="https://developer.wordpress.org/advanced-administration/debug/debug-wordpress/">Debugging in WordPress</a> for more information. (This message was added in version 3.6.0.) in C:\xampp\htdocs\pondshop\wp-includes\functions.php on line 6114
[06-Feb-2025 04:06:46 UTC] PHP Warning:  mysqli_real_connect(): (HY000/2002): No connection could be made because the target machine actively refused it in C:\xampp\htdocs\pondshop\wp-includes\class-wpdb.php on line 1982
[06-Feb-2025 04:06:47 UTC] PHP Notice:  Function wpdb was called <strong>incorrectly</strong>. wpdb must set a database connection for use with escaping. Please see <a href="https://developer.wordpress.org/advanced-administration/debug/debug-wordpress/">Debugging in WordPress</a> for more information. (This message was added in version 3.6.0.) in C:\xampp\htdocs\pondshop\wp-includes\functions.php on line 6114
[06-Feb-2025 04:07:12 UTC] PHP Warning:  mysqli_real_connect(): (HY000/2002): No connection could be made because the target machine actively refused it in C:\xampp\htdocs\pondshop\wp-includes\class-wpdb.php on line 1982
[06-Feb-2025 04:07:13 UTC] PHP Notice:  Function wpdb was called <strong>incorrectly</strong>. wpdb must set a database connection for use with escaping. Please see <a href="https://developer.wordpress.org/advanced-administration/debug/debug-wordpress/">Debugging in WordPress</a> for more information. (This message was added in version 3.6.0.) in C:\xampp\htdocs\pondshop\wp-includes\functions.php on line 6114
[06-Feb-2025 04:07:37 UTC] PHP Warning:  mysqli_real_connect(): (HY000/2002): No connection could be made because the target machine actively refused it in C:\xampp\htdocs\pondshop\wp-includes\class-wpdb.php on line 1982
[06-Feb-2025 04:07:38 UTC] PHP Notice:  Function wpdb was called <strong>incorrectly</strong>. wpdb must set a database connection for use with escaping. Please see <a href="https://developer.wordpress.org/advanced-administration/debug/debug-wordpress/">Debugging in WordPress</a> for more information. (This message was added in version 3.6.0.) in C:\xampp\htdocs\pondshop\wp-includes\functions.php on line 6114
[06-Feb-2025 04:08:48 UTC] Automatic updates starting...
[06-Feb-2025 04:08:49 UTC]   Automatic plugin updates starting...
[06-Feb-2025 04:08:49 UTC]   Automatic plugin updates complete.
[06-Feb-2025 04:08:50 UTC]   Automatic theme updates starting...
[06-Feb-2025 04:08:50 UTC]   Automatic theme updates complete.
[06-Feb-2025 04:08:50 UTC] Automatic updates complete.
[06-Feb-2025 05:55:30 UTC] Automatic updates starting...
[06-Feb-2025 05:55:30 UTC]   Automatic plugin updates starting...
[06-Feb-2025 05:55:30 UTC]   Automatic plugin updates complete.
[06-Feb-2025 05:55:30 UTC]   Automatic theme updates starting...
[06-Feb-2025 05:55:30 UTC]   Automatic theme updates complete.
[06-Feb-2025 05:55:30 UTC] Automatic updates complete.
[06-Feb-2025 07:12:22 UTC] PHP Fatal error:  Out of memory (allocated 56623104) (tried to allocate 32768 bytes) in C:\xampp\htdocs\pondshop\wp-includes\widgets\class-wp-widget-text.php on line 464
[06-Feb-2025 07:12:45 UTC] PHP Fatal error:  Maximum execution time of 120 seconds exceeded in C:\xampp\htdocs\pondshop\wp-content\plugins\woocommerce\src\Blocks\Domain\Services\DraftOrders.php on line 237
[06-Feb-2025 07:13:06 UTC] PHP Fatal error:  Maximum execution time of 120 seconds exceeded in C:\xampp\htdocs\pondshop\wp-content\plugins\google-listings-and-ads\vendor\symfony\validator\Validation.php on line 97
[06-Feb-2025 07:13:07 UTC] PHP Fatal error:  Maximum execution time of 120 seconds exceeded in C:\xampp\htdocs\pondshop\wp-content\plugins\google-listings-and-ads\vendor\symfony\validator\Mapping\Factory\MetadataFactoryInterface.php on line 44
[06-Feb-2025 07:13:11 UTC] PHP Fatal error:  Maximum execution time of 120 seconds exceeded in C:\xampp\htdocs\pondshop\wp-admin\includes\class-wp-list-table.php on line 1878
[06-Feb-2025 07:13:13 UTC] PHP Fatal error:  Maximum execution time of 120 seconds exceeded in C:\xampp\htdocs\pondshop\wp-content\plugins\jetpack\modules\custom-post-types\testimonial.php on line 13
[06-Feb-2025 07:13:23 UTC] PHP Fatal error:  Maximum execution time of 120 seconds exceeded in C:\xampp\htdocs\pondshop\wp-content\plugins\woocommerce\includes\widgets\class-wc-widget-brand-description.php on line 131
[07-Feb-2025 02:09:25 UTC] Automatic updates starting...
[07-Feb-2025 02:09:26 UTC]   Automatic plugin updates starting...
[07-Feb-2025 02:09:26 UTC]   Automatic plugin updates complete.
[07-Feb-2025 02:09:27 UTC]   Automatic theme updates starting...
[07-Feb-2025 02:09:27 UTC]   Automatic theme updates complete.
[07-Feb-2025 02:09:27 UTC] Automatic updates complete.
[07-Feb-2025 06:02:10 UTC] Automatic updates starting...
[07-Feb-2025 06:02:11 UTC]   Automatic plugin updates starting...
[07-Feb-2025 06:02:11 UTC]   Automatic plugin updates complete.
[07-Feb-2025 06:02:12 UTC]   Automatic theme updates starting...
[07-Feb-2025 06:02:12 UTC]   Automatic theme updates complete.
[07-Feb-2025 06:02:12 UTC] Automatic updates complete.
[10-Feb-2025 02:11:48 UTC] PHP Fatal error:  Maximum execution time of 120 seconds exceeded in C:\xampp\htdocs\pondshop\wp-content\plugins\google-listings-and-ads\src\Jobs\AbstractBatchedActionSchedulerJob.php on line 8
[10-Feb-2025 02:13:17 UTC] Automatic updates starting...
[10-Feb-2025 02:13:18 UTC]   Automatic plugin updates starting...
[10-Feb-2025 02:13:18 UTC]   Automatic plugin updates complete.
[10-Feb-2025 02:13:19 UTC]   Automatic theme updates starting...
[10-Feb-2025 02:13:19 UTC]   Automatic theme updates complete.
[10-Feb-2025 02:13:19 UTC] Automatic updates complete.
[10-Feb-2025 02:22:55 UTC] PHP Fatal error:  Maximum execution time of 120 seconds exceeded in C:\xampp\htdocs\pondshop\wp-content\plugins\google-listings-and-ads\vendor\google\auth\src\GetUniverseDomainInterface.php on line 36
[10-Feb-2025 02:22:58 UTC] PHP Fatal error:  Maximum execution time of 120 seconds exceeded in C:\xampp\htdocs\pondshop\wp-content\plugins\google-listings-and-ads\vendor\symfony\validator\Mapping\Loader\StaticMethodLoader.php on line 22
[10-Feb-2025 05:52:54 UTC] Automatic updates starting...
[10-Feb-2025 05:52:55 UTC]   Automatic plugin updates starting...
[10-Feb-2025 05:52:55 UTC]   Automatic plugin updates complete.
[10-Feb-2025 05:52:56 UTC]   Automatic theme updates starting...
[10-Feb-2025 05:52:56 UTC]   Automatic theme updates complete.
[10-Feb-2025 05:52:56 UTC] Automatic updates complete.
[11-Feb-2025 02:08:38 UTC] Automatic updates starting...
[11-Feb-2025 02:08:39 UTC]   Automatic plugin updates starting...
[11-Feb-2025 02:08:39 UTC]   Automatic plugin updates complete.
[11-Feb-2025 02:08:39 UTC]   Automatic theme updates starting...
[11-Feb-2025 02:08:39 UTC]   Automatic theme updates complete.
[11-Feb-2025 02:08:39 UTC] Automatic updates complete.
[11-Feb-2025 05:43:48 UTC] Automatic updates starting...
[11-Feb-2025 05:43:49 UTC]   Automatic plugin updates starting...
[11-Feb-2025 05:43:49 UTC]   Automatic plugin updates complete.
[11-Feb-2025 05:43:50 UTC]   Automatic theme updates starting...
[11-Feb-2025 05:43:50 UTC]   Automatic theme updates complete.
[11-Feb-2025 05:43:50 UTC] Automatic updates complete.
[13-Feb-2025 02:05:55 UTC] PHP Fatal error:  Maximum execution time of 120 seconds exceeded in C:\xampp\htdocs\pondshop\wp-content\plugins\google-listings-and-ads\vendor\google\apiclient-services\src\ShoppingContent.php on line 35
[13-Feb-2025 02:07:08 UTC] Automatic updates starting...
[13-Feb-2025 02:07:09 UTC]   Automatic plugin updates starting...
[13-Feb-2025 02:07:09 UTC]   Automatic plugin updates complete.
[13-Feb-2025 02:07:09 UTC]   Automatic theme updates starting...
[13-Feb-2025 02:07:10 UTC]   Automatic theme updates complete.
[13-Feb-2025 02:07:10 UTC] Automatic updates complete.
[13-Feb-2025 02:23:15 UTC] PHP Fatal error:  Maximum execution time of 120 seconds exceeded in C:\xampp\htdocs\pondshop\wp-content\plugins\google-listings-and-ads\src\API\Google\ReportTrait.php on line 72
[13-Feb-2025 02:23:21 UTC] PHP Fatal error:  Maximum execution time of 120 seconds exceeded in C:\xampp\htdocs\pondshop\wp-content\plugins\woocommerce\includes\wc-template-functions.php on line 78
[13-Feb-2025 02:23:22 UTC] PHP Fatal error:  Maximum execution time of 120 seconds exceeded in C:\xampp\htdocs\pondshop\wp-includes\functions.php on line 6893
[13-Feb-2025 02:23:29 UTC] PHP Fatal error:  Maximum execution time of 120 seconds exceeded in C:\xampp\htdocs\pondshop\wp-content\plugins\woocommerce\patterns\product-collection-featured-products-5-columns.php on line 8
[13-Feb-2025 02:23:30 UTC] PHP Fatal error:  Maximum execution time of 120 seconds exceeded in C:\xampp\htdocs\pondshop\wp-content\plugins\woocommerce\src\Blocks\BlockTypes\FeaturedProduct.php on line 104
[13-Feb-2025 05:39:40 UTC] PHP Fatal error:  Maximum execution time of 120 seconds exceeded in C:\xampp\htdocs\pondshop\wp-content\plugins\google-listings-and-ads\vendor\google\apiclient-services\src\ShoppingContent\Resource\Productdeliverytime.php on line 85
[13-Feb-2025 05:39:41 UTC] PHP Fatal error:  Maximum execution time of 120 seconds exceeded in C:\xampp\htdocs\pondshop\wp-content\plugins\google-listings-and-ads\vendor\symfony\translation-contracts\TranslatorInterface.php on line 68
[13-Feb-2025 05:39:48 UTC] PHP Fatal error:  Maximum execution time of 120 seconds exceeded in C:\xampp\htdocs\pondshop\wp-content\plugins\jetpack\modules\theme-tools\site-logo.php on line 49
[13-Feb-2025 05:39:50 UTC] PHP Fatal error:  Maximum execution time of 120 seconds exceeded in C:\xampp\htdocs\pondshop\wp-content\plugins\woocommerce\src\Blocks\Templates\SingleProductTemplate.php on line 244
[13-Feb-2025 05:39:58 UTC] PHP Fatal error:  Maximum execution time of 120 seconds exceeded in C:\xampp\htdocs\pondshop\wp-content\plugins\woocommerce\patterns\testimonials-3-columns.php on line 8
[13-Feb-2025 05:39:59 UTC] PHP Fatal error:  Maximum execution time of 120 seconds exceeded in C:\xampp\htdocs\pondshop\wp-content\plugins\woocommerce\src\Blocks\BlockTypes\AllProducts.php on line 47
[13-Feb-2025 05:44:06 UTC] Automatic updates starting...
[13-Feb-2025 05:44:07 UTC]   Automatic plugin updates starting...
[13-Feb-2025 05:44:07 UTC]   Automatic plugin updates complete.
[13-Feb-2025 05:44:08 UTC]   Automatic theme updates starting...
[13-Feb-2025 05:44:08 UTC]   Automatic theme updates complete.
[13-Feb-2025 05:44:08 UTC] Automatic updates complete.
[14-Feb-2025 02:02:18 UTC] Automatic updates starting...
[14-Feb-2025 02:02:19 UTC]   Automatic plugin updates starting...
[14-Feb-2025 02:02:19 UTC]   Automatic plugin updates complete.
[14-Feb-2025 02:02:20 UTC]   Automatic theme updates starting...
[14-Feb-2025 02:02:20 UTC]   Automatic theme updates complete.
[14-Feb-2025 02:02:20 UTC] Automatic updates complete.
[14-Feb-2025 05:09:43 UTC] PHP Fatal error:  Maximum execution time of 120 seconds exceeded in C:\xampp\htdocs\pondshop\wp-content\plugins\google-listings-and-ads\src\Google\GlobalSiteTag.php on line 28
[14-Feb-2025 05:44:26 UTC] Automatic updates starting...
[14-Feb-2025 05:44:27 UTC]   Automatic plugin updates starting...
[14-Feb-2025 05:44:27 UTC]   Automatic plugin updates complete.
[14-Feb-2025 05:44:27 UTC]   Automatic theme updates starting...
[14-Feb-2025 05:44:27 UTC]   Automatic theme updates complete.
[14-Feb-2025 05:44:27 UTC] Automatic updates complete.
[14-Feb-2025 05:54:27 UTC] PHP Fatal error:  Maximum execution time of 120 seconds exceeded in C:\xampp\htdocs\pondshop\wp-content\plugins\jetpack\jetpack_vendor\automattic\jetpack-videopress\src\utility-functions.php on line 5
[17-Feb-2025 01:59:34 UTC] Automatic updates starting...
[17-Feb-2025 01:59:35 UTC]   Automatic plugin updates starting...
[17-Feb-2025 01:59:35 UTC]   Automatic plugin updates complete.
[17-Feb-2025 01:59:36 UTC]   Automatic theme updates starting...
[17-Feb-2025 01:59:36 UTC]   Automatic theme updates complete.
[17-Feb-2025 01:59:36 UTC] Automatic updates complete.
[17-Feb-2025 03:15:02 UTC] PHP Fatal error:  Out of memory (allocated 111149056) (tried to allocate 65536 bytes) in C:\xampp\htdocs\pondshop\wp-includes\class-wp-post-type.php on line 911
[17-Feb-2025 04:34:34 UTC] PHP Fatal error:  Maximum execution time of 120 seconds exceeded in C:\xampp\htdocs\pondshop\wp-content\plugins\google-listings-and-ads\vendor\google\apiclient-services\src\ShoppingContent\Resource\Shippingsettings.php on line 162
[17-Feb-2025 04:34:39 UTC] PHP Warning:  fileperms(): stat failed for C:\xampp\htdocs\pondshop/index.php in C:\xampp\htdocs\pondshop\wp-admin\includes\file.php on line 2211
[17-Feb-2025 04:34:41 UTC] PHP Fatal error:  Maximum execution time of 120 seconds exceeded in C:\xampp\htdocs\pondshop\wp-content\plugins\jetpack\jetpack_vendor\automattic\jetpack-classic-theme-helper\src\custom-post-types\class-jetpack-portfolio.php on line 17
[17-Feb-2025 04:34:41 UTC] PHP Warning:  fileperms(): stat failed for C:\xampp\htdocs\pondshop/index.php in C:\xampp\htdocs\pondshop\wp-admin\includes\file.php on line 2211
[17-Feb-2025 04:56:38 UTC] PHP Warning:  wp_update_themes(): An unexpected error occurred. Something may be wrong with WordPress.org or this server&#8217;s configuration. If you continue to have problems, please try the <a href="https://wordpress.org/support/forums/">support forums</a>. (WordPress could not establish a secure connection to WordPress.org. Please contact your server administrator.) in C:\xampp\htdocs\pondshop\wp-includes\functions.php on line 6114
[17-Feb-2025 05:46:57 UTC] PHP Warning:  fileperms(): stat failed for C:\xampp\htdocs\pondshop/index.php in C:\xampp\htdocs\pondshop\wp-admin\includes\file.php on line 2211
[17-Feb-2025 05:46:58 UTC] Automatic updates starting...
[17-Feb-2025 05:46:58 UTC]   Automatic plugin updates starting...
[17-Feb-2025 05:46:58 UTC]   Automatic plugin updates complete.
[17-Feb-2025 05:46:58 UTC]   Automatic theme updates starting...
[17-Feb-2025 05:46:58 UTC]   Automatic theme updates complete.
[17-Feb-2025 05:46:58 UTC] Automatic updates complete.
[17-Feb-2025 05:56:14 UTC] PHP Fatal error:  Maximum execution time of 120 seconds exceeded in C:\xampp\htdocs\pondshop\wp-content\plugins\jetpack\jetpack_vendor\automattic\jetpack-import\src\class-main.php on line 101
[17-Feb-2025 05:56:14 UTC] PHP Warning:  fileperms(): stat failed for C:\xampp\htdocs\pondshop/index.php in C:\xampp\htdocs\pondshop\wp-admin\includes\file.php on line 2211
[17-Feb-2025 08:57:15 UTC] PHP Fatal error:  Maximum execution time of 120 seconds exceeded in C:\xampp\htdocs\pondshop\wp-content\plugins\google-listings-and-ads\vendor\google\apiclient-services\src\ShoppingContent\Resource\Settlementtransactions.php on line 59
[17-Feb-2025 08:57:35 UTC] PHP Fatal error:  Maximum execution time of 120 seconds exceeded in C:\xampp\htdocs\pondshop\wp-content\plugins\woocommerce\includes\admin\class-wc-admin-meta-boxes.php on line 311
